
2024/07/04 17:12:29 /Users/devops/data/template/golang/ikube-gin-starter/pkg/mysql/mysql_test.go:37
[113.360ms] [rows:-] SELECT DATABASE()

2024/07/04 17:12:29 /Users/devops/data/template/golang/ikube-gin-starter/pkg/mysql/mysql_test.go:37
[229.065ms] [rows:1] SELECT SCHEMA_NAME from Information_schema.SCHEMATA where SCHEMA_NAME LIKE 'demo%' ORDER BY SCHEMA_NAME='demo' DESC,SCHEMA_NAME limit 1

2024/07/04 17:12:29 /Users/devops/data/template/golang/ikube-gin-starter/pkg/mysql/mysql_test.go:37
[244.627ms] [rows:-] SELECT count(*) FROM information_schema.tables WHERE table_schema = ? AND table_name = ? AND table_type = ?

2024/07/04 17:12:29 /Users/devops/data/template/golang/ikube-gin-starter/pkg/mysql/mysql_test.go:37
[182.639ms] [rows:0] CREATE TABLE `users` (`id` bigint unsigned AUTO_INCREMENT,`name` varchar(256),PRIMARY KEY (`id`))

2024/07/04 17:12:30 /Users/devops/data/template/golang/ikube-gin-starter/pkg/mysql/mysql_test.go:42
[497.049ms] [rows:1] INSERT INTO `users` (`name`) VALUES (?)

2024/07/04 17:12:30 /Users/devops/data/template/golang/ikube-gin-starter/pkg/mysql/mysql_test.go:47
[218.579ms] [rows:1] SELECT * FROM `users` WHERE `users`.`id` = ? ORDER BY `users`.`id` LIMIT ?

2024/07/04 17:12:30 /Users/devops/data/template/golang/ikube-gin-starter/pkg/mysql/mysql_test.go:52
[138.282ms] [rows:0] DROP TABLE users

2024/07/04 17:20:17 /Users/devops/data/template/golang/ikube-gin-starter/pkg/mysql/mysql_test.go:37
[107.364ms] [rows:-] SELECT DATABASE()

2024/07/04 17:20:17 /Users/devops/data/template/golang/ikube-gin-starter/pkg/mysql/mysql_test.go:37
[230.651ms] [rows:1] SELECT SCHEMA_NAME from Information_schema.SCHEMATA where SCHEMA_NAME LIKE 'demo%' ORDER BY SCHEMA_NAME='demo' DESC,SCHEMA_NAME limit 1

2024/07/04 17:20:18 /Users/devops/data/template/golang/ikube-gin-starter/pkg/mysql/mysql_test.go:37
[246.537ms] [rows:-] SELECT count(*) FROM information_schema.tables WHERE table_schema = ? AND table_name = ? AND table_type = ?

2024/07/04 17:20:18 /Users/devops/data/template/golang/ikube-gin-starter/pkg/mysql/mysql_test.go:37
[184.265ms] [rows:0] CREATE TABLE `users` (`id` bigint unsigned AUTO_INCREMENT,`name` varchar(256),PRIMARY KEY (`id`))

2024/07/04 17:20:18 /Users/devops/data/template/golang/ikube-gin-starter/pkg/mysql/mysql_test.go:42
[483.257ms] [rows:1] INSERT INTO `users` (`name`) VALUES (?)

2024/07/04 17:20:19 /Users/devops/data/template/golang/ikube-gin-starter/pkg/mysql/mysql_test.go:47
[214.178ms] [rows:1] SELECT * FROM `users` WHERE `users`.`id` = ? ORDER BY `users`.`id` LIMIT ?

2024/07/04 17:20:19 /Users/devops/data/template/golang/ikube-gin-starter/pkg/mysql/mysql_test.go:52
[137.538ms] [rows:0] DROP TABLE users
